--- init HoT_COS_GUIDANCE2.pl pid=4061 Wed Apr 10 13:47:33 2019
met=MFT
infile=/data/user/dschultz/temp/guidance/COX2_all/Seqs.numberd.fas
seqtype=0
outdir=/data/user/dschultz/temp/guidance/COX2_all
tgz=0
debug=0
basedir=/data/user/dschultz/temp/guidance/COX2_all
output_id=MSA_91_cos_MFT
---
---- sh: line 122 of /usr/local/bin/temp/guidance.v2.02/www/Guidance/exec/HoT_COS_GUIDANCE2.pl
find . -size 0 -delete
-Making hot_H ...
---- sh: line 377 of /usr/local/bin/temp/guidance.v2.02/www/Guidance/exec/HoT_COS_GUIDANCE2.pl
(mafft  --reorder --op 1.32096300297015   --amino --quiet --treein MSA.MAFFT.semphy.tree_91.rooted.GoodBranchLength in.fasta  | tr  '[:lower:]'  '[:upper:]' | sed 's/>SEQ/>seq/' >hot_H.fasta 2>&1 ) 2>&1
-Making hot_T ...
---- sh: line 377 of /usr/local/bin/temp/guidance.v2.02/www/Guidance/exec/HoT_COS_GUIDANCE2.pl
(mafft  --reorder --op 1.32096300297015   --amino --quiet --treein MSA.MAFFT.semphy.tree_91.rooted.GoodBranchLength in.atsaf  | tr  '[:lower:]'  '[:upper:]' | sed 's/>SEQ/>seq/' >hot_T.atsaf 2>&1 ) 2>&1
---- sh: line 377 of /usr/local/bin/temp/guidance.v2.02/www/Guidance/exec/HoT_COS_GUIDANCE2.pl
(mafft  --reorder --op 1.32096300297015   --amino --quiet --treein tree_53_1.dnd in.fasta  | tr  '[:lower:]'  '[:upper:]' | sed 's/>SEQ/>seq/' >prof53_10.fasta 2>&1 ) 2>&1
---- sh: line 377 of /usr/local/bin/temp/guidance.v2.02/www/Guidance/exec/HoT_COS_GUIDANCE2.pl
(mafft  --reorder --op 1.32096300297015   --amino --quiet --treein tree_53_1.dnd in.atsaf  | tr  '[:lower:]'  '[:upper:]' | sed 's/>SEQ/>seq/' >prof53_11.atsaf 2>&1 ) 2>&1
@ line 642 of /usr/local/bin/temp/guidance.v2.02/www/Guidance/exec/HoT_COS_GUIDANCE2.pl
ERROR: HoT_COS_GUIDANCE2.pl 4061 : File not in fasta format: prof53_11.atsaf
@---
