1.3671635660885
1.74461216078538
2.63310511557599
2.60986108723399
1.32233117499906
2.05493906696208
2.73841908648017
2.07642450331529
1.99960131382688
2.45172598131603
1.69625411837804
1.71789999956214
1.97358490020449
2.69832347256627
1.74434864628801
1.9011966448163
2.36565791344186
1.92714792885641
1.96002383496388
1.64420844629241
2.78297381209612
1.53097454887128
1.16187015229598
2.17335442543144
2.84052539788576
1.48770824132646
1.57570845047322
1.88724450747675
1.91226986267393
2.69794809521468
1.89143392664084
1.60271147822128
2.02262769128107
1.5156208610253
1.35368586847974
1.51725718373758
1.3211983804844
1.2100719812972
1.06283253788745
2.69336770407828
1.48481919872217
1.89647225232306
1.58265953275698
1.79148554492276
1.9218930767431
2.82467731259183
1.53279211772882
1.26726508694672
2.73024381172662
2.67046896263884
2.26890795473278
1.10390873630446
1.05388671124732
1.50436495036715
1.61009701814015
1.45196355603962
2.52454622386694
2.83011043061094
2.35444087241327
2.15827975247824
2.74527462511001
1.92701295273119
1.93140454726824
2.22547136770901
2.81714307611447
2.66815667036593
2.77960159155807
2.67700401411857
1.42295397234617
1.02218362810206
2.12379714733759
1.31604260462579
2.31777707642625
1.11296358579239
2.87479568488751
1.44475190774706
1.74460710734318
2.57354201751153
1.91551000285425
2.0224325149254
2.46059286310641
2.0839617937259
1.49766685010345
1.03452257366963
1.04736321024601
2.55385074714795
1.69416269238882
2.3501795389755
2.96648900647319
1.05825795995145
1.57618135250478
1.17520435223885
2.54283785728885
2.0485593175446
2.16221412221977
1.75206099642206
1.50551616836288
2.76004077692932
1.27472310297892
2.39350542359774
