--- init HoT_COS_GUIDANCE2.pl pid=93240 Wed Apr 10 13:47:32 2019
met=MFT
infile=/data/user/dschultz/temp/guidance/COX2_all/Seqs.numberd.fas
seqtype=0
outdir=/data/user/dschultz/temp/guidance/COX2_all
tgz=0
debug=0
basedir=/data/user/dschultz/temp/guidance/COX2_all
output_id=MSA_77_cos_MFT
---
---- sh: line 122 of /usr/local/bin/temp/guidance.v2.02/www/Guidance/exec/HoT_COS_GUIDANCE2.pl
find . -size 0 -delete
-Making hot_H ...
---- sh: line 377 of /usr/local/bin/temp/guidance.v2.02/www/Guidance/exec/HoT_COS_GUIDANCE2.pl
(mafft  --reorder --op 2.83445032641615   --amino --quiet --treein MSA.MAFFT.semphy.tree_77.rooted.GoodBranchLength in.fasta  | tr  '[:lower:]'  '[:upper:]' | sed 's/>SEQ/>seq/' >hot_H.fasta 2>&1 ) 2>&1
-Making hot_T ...
---- sh: line 377 of /usr/local/bin/temp/guidance.v2.02/www/Guidance/exec/HoT_COS_GUIDANCE2.pl
(mafft  --reorder --op 2.83445032641615   --amino --quiet --treein MSA.MAFFT.semphy.tree_77.rooted.GoodBranchLength in.atsaf  | tr  '[:lower:]'  '[:upper:]' | sed 's/>SEQ/>seq/' >hot_T.atsaf 2>&1 ) 2>&1
---- sh: line 377 of /usr/local/bin/temp/guidance.v2.02/www/Guidance/exec/HoT_COS_GUIDANCE2.pl
(mafft  --reorder --op 2.83445032641615   --amino --quiet --treein tree_65_0.dnd in.fasta  | tr  '[:lower:]'  '[:upper:]' | sed 's/>SEQ/>seq/' >prof65_00.fasta 2>&1 ) 2>&1
---- sh: line 377 of /usr/local/bin/temp/guidance.v2.02/www/Guidance/exec/HoT_COS_GUIDANCE2.pl
(mafft  --reorder --op 2.83445032641615   --amino --quiet --treein tree_65_0.dnd in.atsaf  | tr  '[:lower:]'  '[:upper:]' | sed 's/>SEQ/>seq/' >prof65_01.atsaf 2>&1 ) 2>&1
---- sh: line 377 of /usr/local/bin/temp/guidance.v2.02/www/Guidance/exec/HoT_COS_GUIDANCE2.pl
(mafft  --reorder --op 2.83445032641615   --amino --quiet --treein tree_65_1.dnd in.fasta  | tr  '[:lower:]'  '[:upper:]' | sed 's/>SEQ/>seq/' >prof65_10.fasta 2>&1 ) 2>&1
---- sh: line 377 of /usr/local/bin/temp/guidance.v2.02/www/Guidance/exec/HoT_COS_GUIDANCE2.pl
(mafft  --reorder --op 2.83445032641615   --amino --quiet --treein tree_65_1.dnd in.atsaf  | tr  '[:lower:]'  '[:upper:]' | sed 's/>SEQ/>seq/' >prof65_11.atsaf 2>&1 ) 2>&1
---- sh: line 403 of /usr/local/bin/temp/guidance.v2.02/www/Guidance/exec/HoT_COS_GUIDANCE2.pl
(mafft-profile prof65_10.fasta prof65_00.fasta  | tr  '[:lower:]'  '[:upper:]' | sed 's/>SEQ/>seq/' 2>&1 >b0#0065_hhH.fasta  )2>&1
---- sh: line 403 of /usr/local/bin/temp/guidance.v2.02/www/Guidance/exec/HoT_COS_GUIDANCE2.pl
(mafft-profile prof65_10.atsaf prof65_00.atsaf  | tr  '[:lower:]'  '[:upper:]' | sed 's/>SEQ/>seq/' 2>&1 >b0#0065_hhT.atsaf  )2>&1
---- sh: line 403 of /usr/local/bin/temp/guidance.v2.02/www/Guidance/exec/HoT_COS_GUIDANCE2.pl
(mafft-profile prof65_11.fasta prof65_00.fasta  | tr  '[:lower:]'  '[:upper:]' | sed 's/>SEQ/>seq/' 2>&1 >b0#0065_htH.fasta  )2>&1
---- sh: line 403 of /usr/local/bin/temp/guidance.v2.02/www/Guidance/exec/HoT_COS_GUIDANCE2.pl
(mafft-profile prof65_11.atsaf prof65_00.atsaf  | tr  '[:lower:]'  '[:upper:]' | sed 's/>SEQ/>seq/' 2>&1 >b0#0065_htT.atsaf  )2>&1
---- sh: line 403 of /usr/local/bin/temp/guidance.v2.02/www/Guidance/exec/HoT_COS_GUIDANCE2.pl
(mafft-profile prof65_10.fasta prof65_01.fasta  | tr  '[:lower:]'  '[:upper:]' | sed 's/>SEQ/>seq/' 2>&1 >b0#0065_thH.fasta  )2>&1
---- sh: line 403 of /usr/local/bin/temp/guidance.v2.02/www/Guidance/exec/HoT_COS_GUIDANCE2.pl
(mafft-profile prof65_10.atsaf prof65_01.atsaf  | tr  '[:lower:]'  '[:upper:]' | sed 's/>SEQ/>seq/' 2>&1 >b0#0065_thT.atsaf  )2>&1
---- sh: line 403 of /usr/local/bin/temp/guidance.v2.02/www/Guidance/exec/HoT_COS_GUIDANCE2.pl
(mafft-profile prof65_11.fasta prof65_01.fasta  | tr  '[:lower:]'  '[:upper:]' | sed 's/>SEQ/>seq/' 2>&1 >b0#0065_ttH.fasta  )2>&1
---- sh: line 403 of /usr/local/bin/temp/guidance.v2.02/www/Guidance/exec/HoT_COS_GUIDANCE2.pl
(mafft-profile prof65_11.atsaf prof65_01.atsaf  | tr  '[:lower:]'  '[:upper:]' | sed 's/>SEQ/>seq/' 2>&1 >b0#0065_ttT.atsaf  )2>&1
@ line 633 of /usr/local/bin/temp/guidance.v2.02/www/Guidance/exec/HoT_COS_GUIDANCE2.pl
ERROR: HoT_COS_GUIDANCE2.pl 93240 : File not found: b0#0065_ttT.atsaf
@---
