--- init HoT_COS_GUIDANCE2.pl pid=93064 Wed Apr 10 13:47:32 2019
met=MFT
infile=/data/user/dschultz/temp/guidance/COX2_all/Seqs.numberd.fas
seqtype=0
outdir=/data/user/dschultz/temp/guidance/COX2_all
tgz=0
debug=0
basedir=/data/user/dschultz/temp/guidance/COX2_all
output_id=MSA_1_cos_MFT
---
---- sh: line 122 of /usr/local/bin/temp/guidance.v2.02/www/Guidance/exec/HoT_COS_GUIDANCE2.pl
find . -size 0 -delete
-Making hot_H ...
---- sh: line 377 of /usr/local/bin/temp/guidance.v2.02/www/Guidance/exec/HoT_COS_GUIDANCE2.pl
(mafft  --reorder --op 1.35584399029079   --amino --quiet --treein MSA.MAFFT.semphy.tree_1.rooted.GoodBranchLength in.fasta  | tr  '[:lower:]'  '[:upper:]' | sed 's/>SEQ/>seq/' >hot_H.fasta 2>&1 ) 2>&1
-Making hot_T ...
---- sh: line 377 of /usr/local/bin/temp/guidance.v2.02/www/Guidance/exec/HoT_COS_GUIDANCE2.pl
(mafft  --reorder --op 1.35584399029079   --amino --quiet --treein MSA.MAFFT.semphy.tree_1.rooted.GoodBranchLength in.atsaf  | tr  '[:lower:]'  '[:upper:]' | sed 's/>SEQ/>seq/' >hot_T.atsaf 2>&1 ) 2>&1
---- sh: line 377 of /usr/local/bin/temp/guidance.v2.02/www/Guidance/exec/HoT_COS_GUIDANCE2.pl
(mafft  --reorder --op 1.35584399029079   --amino --quiet --treein tree_93_0.dnd in.fasta  | tr  '[:lower:]'  '[:upper:]' | sed 's/>SEQ/>seq/' >prof93_00.fasta 2>&1 ) 2>&1
---- sh: line 377 of /usr/local/bin/temp/guidance.v2.02/www/Guidance/exec/HoT_COS_GUIDANCE2.pl
(mafft  --reorder --op 1.35584399029079   --amino --quiet --treein tree_93_0.dnd in.atsaf  | tr  '[:lower:]'  '[:upper:]' | sed 's/>SEQ/>seq/' >prof93_01.atsaf 2>&1 ) 2>&1
---- sh: line 377 of /usr/local/bin/temp/guidance.v2.02/www/Guidance/exec/HoT_COS_GUIDANCE2.pl
(mafft  --reorder --op 1.35584399029079   --amino --quiet --treein tree_93_1.dnd in.fasta  | tr  '[:lower:]'  '[:upper:]' | sed 's/>SEQ/>seq/' >prof93_10.fasta 2>&1 ) 2>&1
---- sh: line 377 of /usr/local/bin/temp/guidance.v2.02/www/Guidance/exec/HoT_COS_GUIDANCE2.pl
(mafft  --reorder --op 1.35584399029079   --amino --quiet --treein tree_93_1.dnd in.atsaf  | tr  '[:lower:]'  '[:upper:]' | sed 's/>SEQ/>seq/' >prof93_11.atsaf 2>&1 ) 2>&1
---- sh: line 403 of /usr/local/bin/temp/guidance.v2.02/www/Guidance/exec/HoT_COS_GUIDANCE2.pl
(mafft-profile prof93_10.fasta prof93_00.fasta  | tr  '[:lower:]'  '[:upper:]' | sed 's/>SEQ/>seq/' 2>&1 >b0#0093_hhH.fasta  )2>&1
---- sh: line 403 of /usr/local/bin/temp/guidance.v2.02/www/Guidance/exec/HoT_COS_GUIDANCE2.pl
(mafft-profile prof93_10.atsaf prof93_00.atsaf  | tr  '[:lower:]'  '[:upper:]' | sed 's/>SEQ/>seq/' 2>&1 >b0#0093_hhT.atsaf  )2>&1
@ line 633 of /usr/local/bin/temp/guidance.v2.02/www/Guidance/exec/HoT_COS_GUIDANCE2.pl
ERROR: HoT_COS_GUIDANCE2.pl 93064 : File not found: b0#0093_hhT.atsaf
@---
