2.50109473444355
2.30869092856932
1.92490315677812
1.69032410643366
2.31372035367
2.59630710908093
2.49956461954269
2.10155362504354
1.8958063004364
2.74700726207948
2.63527780774492
2.89056010914915
2.50882643793191
2.88243739695784
1.05953106485048
1.28160202334423
2.45766275742938
2.9711535808147
2.8931674367167
2.60481779012663
1.33528185835511
2.53729774207122
1.14679780749366
2.17896117825175
2.49108587470295
1.63087638246054
2.2471135432863
2.55338750480867
2.61895158451771
2.88895785977425
2.4697070153121
2.23553090446727
1.62626837520771
2.11806368158176
1.17134290798051
2.58792084170831
2.47681802504432
1.3861423482833
1.24816966507381
2.95019259702387
2.60162252536617
1.41098382731411
2.16625941402602
1.96287977106404
2.00268603372863
2.38521185408698
2.4925068591749
2.55861504650646
2.25088914052402
2.1317830643423
1.27894357480377
1.94153665103865
1.27342357544607
2.51517959196948
1.5098244827937
1.17728030126868
1.8665989005819
1.75040834107028
1.60255869277304
1.62525800161832
1.14137525888768
2.09396878605449
1.56107793978014
2.5045640493032
1.15259349533927
2.33882499389023
1.62020320064655
2.31863308136816
1.47585156814663
2.57106972327571
2.30487433056185
1.87678311742154
2.8318297440813
2.31260206145635
1.87788936059777
2.22933642720041
2.52636225018839
2.03620823568056
1.689450060348
2.24470081039975
2.64170545894024
2.19264110786986
1.40296912228168
2.85044164231159
1.90252794023608
2.460590552973
2.29215249091231
1.46605893774613
1.92766144656247
1.57802755868136
2.5284685654503
2.98423184244491
1.30036973210199
1.52674259170195
1.75614487423638
2.20228350074727
1.3368296676124
2.24168667861676
1.34043297794417
2.04038029563402
