1.74681414073167
1.40585099737558
2.44387872711038
2.88850903761876
2.94318560164007
1.2523127798631
2.27933327229101
1.63889282204961
2.24196118719994
2.88975634577355
2.22105884508672
2.86471971634724
2.83111126633774
1.04220464236599
1.10973157888019
1.12478759855752
2.66097795911049
2.2257505867147
1.21743772936761
2.93494007611481
1.38768208552555
1.86885396307579
1.8607860292098
2.62101671794544
1.8448920607047
1.90517872862677
1.03610705044431
2.67949160029373
1.81496847311755
2.0432863899629
1.82834794639313
1.14704041971923
2.13579501864411
1.5184608905667
1.36160547849206
1.03808434907673
1.7111387508243
2.69005354761086
2.59278668122163
2.28076536746669
1.89366587181218
2.64620611991245
2.16978550513598
2.50314110813197
2.24053915427542
1.33108920262546
1.15720592886486
2.51022546407738
2.71785517676552
2.4635849533409
1.85768797090545
2.14767239480194
2.12430949893227
1.54760078365811
1.81319338602457
1.54948271395965
1.54492132336572
1.99112722499819
2.85232322415819
1.37643523200252
2.91717171282185
2.19320182244965
1.65726048682415
2.71158260491084
1.83552668012317
2.39581475076869
1.56389846225536
1.71293672497849
2.23329406812324
2.13344400730099
2.39401958071465
1.13647660729718
2.91661671378399
2.77954164254879
2.16817143076886
2.42117160107178
1.59389956863786
2.55136066537673
1.08753654067868
1.4394025131994
2.21112085269136
1.4877181314319
1.63425128150211
1.3098109976586
1.39155257517476
2.48558661524802
2.86018741501339
2.17529146318047
1.56592948845259
2.1289969037108
2.65830801510557
2.67788790841185
1.10082337588219
2.45707245608097
1.18873836097384
2.40734863333169
2.17991713544303
1.21780407860359
1.72029255906821
2.03485282304486
