1.38829880129379
2.70926340454656
1.48585068768104
2.88589446078358
1.26037458495754
1.13309832659431
1.58895037583414
1.53882017320772
2.97408119214817
1.37290499464279
1.08747359461594
2.51543926538848
1.81958282418962
2.96468564977434
1.1686598166425
2.29936765431215
1.33852065814575
2.06460698530833
2.91658222082778
2.2030626406504
1.13216588939012
1.07662126291788
1.47359989078478
2.23981610961373
1.6588722205201
2.99481533711935
2.62233452098754
2.93312354552752
1.16684153334027
1.53980325051876
2.91478000242898
2.43966911357926
2.17351341667496
1.76943784003123
1.49148779320014
2.91997498454852
1.43442151036781
2.40222989243395
2.26731742717123
1.46216963350746
1.24564288998597
1.89033293107036
2.08014050077039
2.78566315646749
1.45476658246955
2.63223082929269
1.98052862873578
2.44035584474885
2.63163939525192
1.46905725531207
1.26548179965734
1.07217746046287
1.54427718522405
2.63973358251982
1.71555391612906
1.62733699292271
1.1257731143266
2.08703847405093
2.27644769739842
1.97698427003645
2.38955696052549
1.84877099537962
1.03367217952916
2.50362377578732
2.79397680146258
1.20604294906974
2.56882339428446
2.62440550976898
2.07015198817013
1.29638828644644
1.8713530681918
1.23942584241983
2.86289990289817
1.56601105691334
1.02947198256705
1.6717311950883
1.20303417332659
1.29756153190831
1.4634845986543
1.07740713236193
1.99648442021874
1.60303601207357
1.92601030447931
2.59778322020658
2.70376287192111
1.84269251810983
2.71410480651848
1.03146790238752
2.17081691202379
2.07846520299165
2.26239339485138
1.63297580438264
2.2940244609691
2.58369803074052
1.66435668009409
2.18970041354883
2.64902665343084
1.83080616978413
1.75750955910191
1.96374613166576
