1.97825356541035
1.28460852447364
1.56197674580132
1.96872500394774
1.53768666300508
2.12551929659091
1.26919306003827
2.9881661516503
1.89407678365826
1.36333598161718
1.06615465649846
2.27085548963346
2.49972992862056
2.61669670015138
2.24799781260753
2.52502784662668
2.44127209246074
2.65116794104512
1.28333435779214
1.11359561668543
1.11547808688537
2.33352583376936
2.33166090313107
1.4754583662946
1.65221231090295
1.90232782915393
2.75160507876736
2.64825075519464
2.3554952040573
1.25909045088397
1.85161715081596
2.89376902437867
1.69900605549015
1.58534855796933
2.15104992319313
1.98512422707257
2.94386512919065
1.14898465654753
2.95311627754739
2.08607693368542
2.34782132994957
2.96168634283799
2.95111269128832
1.07434145470616
2.4657715002588
2.30266907283456
2.17093922458866
1.64948582132318
1.11786953068157
1.87759326340557
1.97797240717605
1.42122496715662
1.29561341006687
2.41286235886523
1.73264780973528
2.47548689091904
2.31674176239148
1.20241507178696
1.46082447780778
1.52495317405858
1.81129393898559
2.96617365184912
2.51252446320438
2.81041420448911
1.16480498343345
1.31718387683526
1.42260803413844
2.35306394237558
1.5575843865378
1.1701346205559
1.27224940554077
1.17086718161833
2.07488112539733
2.09057845841562
1.89985963033367
2.6506921361683
1.03123265886868
1.44624294761891
2.84975325582081
2.67959093860621
1.81944795647008
2.37502809059021
2.40801410179065
1.43225840453171
2.58274989413102
2.15558218207806
2.2955736834354
2.21738331523447
2.79611608310274
2.21393887762054
1.31261400775357
1.61465462785743
2.56457503281681
2.4130360285682
2.60643534173334
1.67917556181315
2.89315210951441
2.67172473169347
2.32352970930517
2.42479955757757
