2.3151763553342
2.6619793578929
2.30691501785284
1.8436366912846
2.59700980528775
1.83743167432837
2.2423203683399
2.82254344698792
1.35843153249591
1.70734368136755
2.97976343383524
1.54551594935306
1.12844965612928
2.47158747788083
1.22552474835629
1.70934112061535
1.6931339878953
1.38705874583508
1.46598881589025
2.06923100692985
1.81343704335794
1.79910646016023
1.39423302754522
1.46071832297484
1.61200199960189
1.97362800698886
2.12432858646226
1.78236531027785
1.64997133596589
2.18414537265258
2.19496181222313
2.69052616271289
2.98010683060534
2.10913784365147
1.38031873017965
2.31521119498042
2.99406387324181
1.15301975595705
2.8597222988846
1.67750748505789
1.78294631861724
1.10262137546647
1.21741061562064
2.41034403459635
1.26106797089344
2.88431010519506
1.32548659090229
2.87322768704006
2.37917888152231
2.94068102387638
1.58809552276775
1.60674724685875
2.44754458696028
2.77700339003363
2.8811873556811
2.37422557970835
1.62970983301029
1.94453632029297
1.30393580193182
1.64722106757411
2.93930085454745
2.56987549572924
1.46540756054753
2.45121877000075
1.11583752791967
1.47736659036622
2.27004221492714
2.92163612737785
2.26850431341214
1.98727327659842
2.25080765065575
2.93327615992409
2.5126824818247
1.13902126825815
2.54867763427873
1.74492099150252
1.49254129743392
2.95090803832139
2.17672815719151
1.01244828569973
2.8501382343967
2.4808737198278
1.66830790124313
1.81750094771498
1.68955355999996
2.02422539048493
1.42929634915509
2.86442434453129
2.8720983510711
2.43179757863356
2.83856126842394
1.82723345257871
2.70035284433661
1.94536953577077
1.51875616700465
2.37336288165066
2.99572958255136
1.34694772365918
1.28819847776324
2.8257137711977
