1.61314376178962
1.83326699928779
1.24845165906688
2.39063069614885
2.42399457821208
2.94657182504304
2.9995136491895
2.04334978907188
2.26973593419536
1.698237522623
1.18314240037906
1.68678258264386
2.23398143291886
1.41103238535609
2.52923333007583
1.53607422969093
1.03646520798942
2.7665366197453
1.7395888042055
1.1306946651621
1.52674184101105
1.15737283658481
2.63179221058027
1.29041618198271
1.63593572549912
2.84791445044959
1.92235654006091
1.85241682063049
2.43255361386364
2.52278764994176
2.27575584721455
2.06574982588278
2.19367102022193
2.40344237891003
2.26228249589396
1.07722734654648
1.9343354393981
1.67118086700268
1.40121954291856
1.3141731091586
1.73931260662727
1.73350179137174
1.38571659985322
1.4908321096329
2.77210188820502
1.22389726511554
2.1673996637603
1.45406356262946
2.91247898560767
2.37903165712879
2.00377134774148
2.93911455203694
2.66795407945668
2.46848887742394
2.42775829608996
1.60785416238336
1.04497696011067
2.66920133669453
1.88047796193992
2.35116946522915
2.33724321364102
2.6187224339109
2.35581798242935
2.89686371164736
1.83207278048258
2.81937826607049
2.64538873258314
1.198181566759
2.94880980414806
1.10098641486954
2.85771389937798
1.09109433996734
2.65904626405547
1.01646327102026
1.93530571676646
2.28703804002312
1.70696706474016
2.90670953320662
2.43292146581688
2.17948684235374
2.31526665850846
2.52436939025444
2.28145659656675
1.23639232220241
2.05016253493731
2.6773555869855
1.48248799469166
2.25620270604922
2.30654464353479
1.00062321143298
1.4025791216579
2.59422455052443
2.59601765034868
2.37801274861445
1.71448762665579
1.01107979757477
2.26753049034574
2.9357708488912
1.12101618730232
2.22977220200723
